Renmaitong/proguard/seeds.txt
com.zlq.renmaitong.AddContact
com.zlq.renmaitong.AddContact: AddContact()
com.zlq.renmaitong.AudioActivity
com.zlq.renmaitong.AudioActivity: AudioActivity()
com.zlq.renmaitong.BingPhoneNumber
com.zlq.renmaitong.BingPhoneNumber: BingPhoneNumber()
com.zlq.renmaitong.BingPhoneSuccess
com.zlq.renmaitong.BingPhoneSuccess: BingPhoneSuccess()
com.zlq.renmaitong.CompanyInformation
com.zlq.renmaitong.CompanyInformation: CompanyInformation()
com.zlq.renmaitong.ContactsManage
com.zlq.renmaitong.ContactsManage: ContactsManage()
com.zlq.renmaitong.CopyOfMainActivity
com.zlq.renmaitong.CrashApplication
com.zlq.renmaitong.CrashApplication: CrashApplication()
com.zlq.renmaitong.InformationReport
com.zlq.renmaitong.InformationReport: InformationReport()
com.zlq.renmaitong.MainActivity
com.zlq.renmaitong.MainActivity: MainActivity()
com.zlq.renmaitong.RecorderActivity
com.zlq.renmaitong.RecorderActivity: RecorderActivity()
com.zlq.renmaitong.ResetPassword
com.zlq.renmaitong.ResetPassword: ResetPassword()
com.zlq.renmaitong.RestPasswordSuccess
com.zlq.renmaitong.RestPasswordSuccess: RestPasswordSuccess()
com.zlq.renmaitong.Splash
com.zlq.renmaitong.StafInformation
com.zlq.renmaitong.StafInformation: StafInformation()
com.zlq.renmaitong.SubMitLocation
com.zlq.renmaitong.SubMitLocation: SubMitLocation()
com.zlq.renmaitong.SystemSetting
com.zlq.renmaitong.SystemSetting: SystemSetting()
com.zlq.renmaitong.Test2
com.zlq.renmaitong.Test2: Test2()
com.zlq.renmaitong.Test3
com.zlq.renmaitong.Test3: Test3()
com.zlq.renmaitong.Test4
com.zlq.renmaitong.Test4: Test4()
com.zlq.renmaitong.Test5
com.zlq.renmaitong.Test5: Test5()
...
android.support.v4.widget.CursorAdapter$MyDataSetObserver
android.support.v4.widget.CursorAdapter$MyDataSetObserver: android.support.v4.widget.CursorAdapter this$0
android.support.v4.widget.CursorAdapter$MyDataSetObserver: CursorAdapter$MyDataSetObserver(android.support.v4.widget.CursorAdapter)
android.support.v4.widget.CursorAdapter$MyDataSetObserver: void onChanged()
android.support.v4.widget.CursorAdapter$MyDataSetObserver: void onInvalidated()
android.support.v4.widget.CursorAdapter$MyDataSetObserver: CursorAdapter$MyDataSetObserver(android.support.v4.widget.CursorAdapter,android.support.v4.widget.CursorAdapter$1)
android.support.v4.widget.CursorFilter
android.support.v4.widget.CursorFilter: android.support.v4.widget.CursorFilter$CursorFilterClient mClient
android.support.v4.widget.CursorFilter: CursorFilter(android.support.v4.widget.CursorFilter$CursorFilterClient)
android.support.v4.widget.CursorFilter: java.lang.CharSequence convertResultToString(java.lang.Object)
android.support.v4.widget.CursorFilter: android.widget.Filter$FilterResults performFiltering(java.lang.CharSequence)
android.support.v4.widget.CursorFilter: void publishResults(java.lang.CharSequence,android.widget.Filter$FilterResults)
android.support.v4.widget.CursorFilter$CursorFilterClient
android.support.v4.widget.CursorFilter$CursorFilterClient: java.lang.CharSequence convertToString(android.database.Cursor)
android.support.v4.widget.CursorFilter$CursorFilterClient: android.database.Cursor runQueryOnBackgroundThread(java.lang.CharSequence)
android.support.v4.widget.CursorFilter$CursorFilterClient: android.database.Cursor getCursor()
android.support.v4.widget.CursorFilter$CursorFilterClient: void changeCursor(android.database.Cursor)
android.support.v4.widget.EdgeEffectCompat
android.support.v4.widget.EdgeEffectCompat: java.lang.Object mEdgeEffect
android.support.v4.widget.EdgeEffectCompat: android.support.v4.widget.EdgeEffectCompat$EdgeEffectImpl IMPL
android.support.v4.widget.EdgeEffectCompat: EdgeEffectCompat(android.content.Context)
android.support.v4.widget.EdgeEffectCompat: void setSize(int,int)
android.support.v4.widget.EdgeEffectCompat: boolean isFinished()
android.support.v4.widget.EdgeEffectCompat: void finish()
android.support.v4.widget.EdgeEffectCompat: boolean onPull(float)
android.support.v4.widget.EdgeEffectCompat: boolean onRelease()
android.support.v4.widget.EdgeEffectCompat: boolean onAbsorb(int)
android.support.v4.widget.EdgeEffectCompat: boolean draw(android.graphics.Canvas)
android.support.v4.widget.EdgeEffectCompat: void <clinit>()
android.support.v4.widget.EdgeEffectCompat$BaseEdgeEffectImpl
android.support.v4.widget.EdgeEffectCompat$BaseEdgeEffectImpl: EdgeEffectCompat$BaseEdgeEffectImpl()
android.support.v4.widget.EdgeEffectCompat$BaseEdgeEffectImpl: java.lang.Object newEdgeEffect(android.content.Context)
android.support.v4.widget.EdgeEffectCompat$BaseEdgeEffectImpl: void setSize(java.lang.Object,int,int)
android.support.v4.widget.EdgeEffectCompat$BaseEdgeEffectImpl: boolean isFinished(java.lang.Object)
android.support.v4.widget.EdgeEffectCompat$BaseEdgeEffectImpl: void finish(java.lang.Object)
android.support.v4.widget.EdgeEffectCompat$BaseEdgeEffectImpl: boolean onPull(java.lang.Object,float)
android.support.v4.widget.EdgeEffectCompat$BaseEdgeEffectImpl: boolean onRelease(java.lang.Object)
android.support.v4.widget.EdgeEffectCompat$BaseEdgeEffectImpl: boolean onAbsorb(java.lang.Object,int)
android.support.v4.widget.EdgeEffectCompat$BaseEdgeEffectImpl: boolean draw(java.lang.Object,android.graphics.Canvas)