Renmaitong/proguard/mapping.txt
com.zlq.renmaitong.AddContact -> com.zlq.renmaitong.AddContact:
    android.widget.RadioButton company -> c
    android.widget.RadioButton staff -> d
    android.widget.LinearLayout addContentLayout -> e
    android.widget.LinearLayout myCompanyContent -> f
    android.widget.LinearLayout myStaffContent -> g
    android.view.LayoutInflater flater -> h
    int currenId -> i
    int namePosition -> a
    boolean isUpdated -> j
    boolean isCompanyUpdated -> k
    boolean iscompanyClear -> l
    boolean isStaffClear -> m
    java.lang.String companyCheckErrorMessage -> n
    java.lang.String staffCheckErrorMessage -> o
    java.util.ArrayList companyArrayList -> p
    android.widget.EditText addcompanyCompanyname -> q
    android.widget.EditText addcompanyCityname -> r
    android.widget.EditText addcompanyAreaname -> s
    android.widget.EditText addcompanyPostCode -> t
    android.widget.EditText addcompanyOfficeName -> u
    android.widget.EditText addcompanyFoxNumber -> v
    android.widget.EditText addcompanyCompanyNOte -> w
    android.widget.EditText staffName -> x
    android.widget.EditText staffbumen -> y
    android.widget.EditText staffgangwei -> z
    android.widget.EditText staffPhone -> A
    android.widget.EditText staffOfficePhone -> B
    android.widget.EditText staffHomePhone -> C
    android.widget.EditText staffHobby -> D
    android.widget.EditText staffNote -> E
    android.widget.Spinner staffCompany -> F
com.zlq.renmaitong.AddContact$1 -> com.zlq.renmaitong.a:
    com.zlq.renmaitong.AddContact this$0 -> a
    void handleMessage(android.os.Message) -> handleMessage
    com.zlq.renmaitong.AddContact access$0(com.zlq.renmaitong.AddContact$1) -> a
com.zlq.renmaitong.AddContact$1$1 -> com.zlq.renmaitong.b:
    com.zlq.renmaitong.AddContact$1 this$1 -> a
    void onItemSelected(android.widget.AdapterView,android.view.View,int,long) -> onItemSelected
    void onNothingSelected(android.widget.AdapterView) -> onNothingSelected
com.zlq.renmaitong.AddContact$2 -> com.zlq.renmaitong.c:
    com.zlq.renmaitong.AddContact this$0 -> a
    void onCheckedChanged(android.widget.CompoundButton,boolean) -> onCheckedChanged
com.zlq.renmaitong.AddContact$3 -> com.zlq.renmaitong.d:
    com.zlq.renmaitong.AddContact this$0 -> a
    void onCheckedChanged(android.widget.CompoundButton,boolean) -> onCheckedChanged
    com.zlq.renmaitong.AddContact access$0(com.zlq.renmaitong.AddContact$3) -> a
com.zlq.renmaitong.AddContact$3$1 -> com.zlq.renmaitong.e:
    com.zlq.renmaitong.AddContact$3 this$1 -> a
    void run() -> run
com.zlq.renmaitong.AddContact$4 -> com.zlq.renmaitong.f:
    com.zlq.renmaitong.AddContact this$0 -> a
    void onClick(android.view.View) -> onClick
    com.zlq.renmaitong.AddContact access$0(com.zlq.renmaitong.AddContact$4) -> a
com.zlq.renmaitong.AddContact$4$1 -> com.zlq.renmaitong.g:
    com.zlq.renmaitong.AddContact$4 this$1 -> a
    void run() -> run
com.zlq.renmaitong.AddContact$4$2 -> com.zlq.renmaitong.h:
    com.zlq.renmaitong.AddContact$4 this$1 -> a
    void run() -> run
com.zlq.renmaitong.AddContact$5 -> com.zlq.renmaitong.i:
    com.zlq.renmaitong.AddContact this$0 -> a
    void onClick(android.view.View) -> onClick
com.zlq.renmaitong.AddContact$6 -> com.zlq.renmaitong.j:
    com.zlq.renmaitong.AddContact this$0 -> a
    void onClick(android.view.View) -> onClick
    com.zlq.renmaitong.AddContact access$0(com.zlq.renmaitong.AddContact$6) -> a
com.zlq.renmaitong.AddContact$6$1 -> com.zlq.renmaitong.k:
    com.zlq.renmaitong.AddContact$6 this$1 -> a
    void run() -> run
com.zlq.renmaitong.AddContact$6$2 -> com.zlq.renmaitong.l:
    com.zlq.renmaitong.AddContact$6 this$1 -> a
    void run() -> run
com.zlq.renmaitong.AddContact$7 -> com.zlq.renmaitong.m:
    com.zlq.renmaitong.AddContact this$0 -> a
    void onClick(android.view.View) -> onClick
...
com.smaxe.uv.client.IVideo -> com.b.c.c.m:
com.smaxe.uv.client.a.a -> com.b.c.c.a.a:
com.smaxe.uv.client.a.b -> com.b.c.c.a.b:
    java.lang.Object a -> a
    com.smaxe.uv.client.ISharedObject b -> b
    java.lang.String c -> c
    boolean d -> d
    com.smaxe.uv.client.a.d$b e -> e
    com.smaxe.uv.client.a.b$a f -> f
    com.smaxe.uv.invoker.IMethodInvoker g -> g
    int h -> h
    com.smaxe.uv.client.a.b$b i -> i
    com.smaxe.uv.a.d.c j -> j
    void c() -> a
    void a(com.smaxe.uv.a.d.c$a) -> a
    java.lang.Object g() -> b
    void a(com.smaxe.uv.client.a.b,com.smaxe.uv.a.d.c$a) -> a
com.smaxe.uv.client.a.b$a -> com.b.c.c.a.c:
com.smaxe.uv.client.a.b$b -> com.b.c.c.a.d:
    java.util.Map c -> b
    java.util.Map d -> c
    com.smaxe.uv.client.a.b a -> a
    void clear() -> clear
    java.util.Set entrySet() -> entrySet
    java.util.Set keySet() -> keySet
    java.util.Collection values() -> values
    boolean containsKey(java.lang.Object) -> containsKey
    boolean containsValue(java.lang.Object) -> containsValue
    java.lang.Object get(java.lang.Object) -> get
    java.lang.Object a(java.lang.String,java.lang.Object) -> a
    java.lang.Object remove(java.lang.Object) -> remove
    int size() -> size
    java.lang.Object put(java.lang.Object,java.lang.Object) -> put
com.smaxe.uv.client.a.c -> com.b.c.c.a.e:
    java.lang.Object a -> a
    com.smaxe.uv.ObjectEncoding b -> b
    java.util.Collection c -> c
    com.smaxe.uv.client.a.g d -> d
    double e -> e
    void close() -> a
    void addEventListener(com.smaxe.uv.client.INetStream$IListener) -> a
    com.smaxe.uv.client.a.g a() -> b
    void a$552c4e01() -> c
    void c(java.util.Map) -> a
com.smaxe.uv.client.a.d -> com.b.c.c.a.f:
    void a(java.util.Map) -> a
    void a$2a751083(com.smaxe.uv.client.INetStream,com.smaxe.uv.client.a.d$b) -> a
    void a(com.smaxe.uv.client.INetStream,java.lang.String,java.lang.String) -> a
    void b$50f37414(com.smaxe.uv.client.INetStream) -> a
    void f(com.smaxe.uv.client.INetStream) -> b
com.smaxe.uv.client.a.d$a -> com.b.c.c.a.g:
    void a(java.lang.String) -> a
    void a(java.util.Map) -> a
com.smaxe.uv.client.a.d$b -> com.b.c.c.a.h:
    void a(java.lang.String) -> a
    void a(java.util.Map) -> a
com.smaxe.uv.client.a.e -> com.b.c.c.a.i:
    com.smaxe.uv.a.d g -> a
    com.smaxe.uv.client.a.g h -> b
    com.smaxe.uv.client.a.b i -> c
    com.smaxe.uv.client.a.e$e j -> d
    java.util.concurrent.ExecutorService k -> e
    com.smaxe.logger.ILogger l -> f
    com.smaxe.uv.a.d m -> g
    com.smaxe.uv.a.b.l n -> h
    java.util.concurrent.atomic.AtomicInteger o -> i
    java.util.List p -> j
    java.util.List q -> k
    com.smaxe.uv.ProtocolLayerInfo r -> l
    com.smaxe.uv.client.INetConnection s -> m
    com.smaxe.uv.client.a.d$b t -> n
    com.smaxe.uv.invoker.IMethodInvoker u -> o
    int v -> p
    int w -> q
    byte[] x -> r
    void a(java.util.concurrent.ExecutorService) -> a
    void a(com.smaxe.logger.ILogger) -> a
    void a(java.lang.String,com.smaxe.uv.Responder,java.lang.Object[]) -> a
    void a(java.util.Map) -> a
    void a$45d08a5e(int,java.lang.String,java.lang.Object,com.smaxe.uv.Responder) -> a
    void a$31b641a9(java.lang.String,java.lang.Object) -> a
    void a$2a751083(com.smaxe.uv.client.INetStream,com.smaxe.uv.client.a.d$b) -> a
    void a(com.smaxe.uv.client.INetStream,java.lang.String,java.lang.String) -> a
    void b$50f37414(com.smaxe.uv.client.INetStream) -> a
    void f(com.smaxe.uv.client.INetStream) -> b
    void b(java.util.Map) -> b
    void a(java.lang.String,java.lang.Runnable) -> a
    void a(com.smaxe.uv.client.a.d$b,java.lang.String,java.lang.Exception) -> a
com.smaxe.uv.client.a.e$a -> com.b.c.c.a.j:
    com.smaxe.uv.client.INetStream b -> b
    com.smaxe.uv.client.a.d$b c -> c
    com.smaxe.uv.client.a.e a -> a
com.smaxe.uv.client.a.e$e -> com.b.c.c.a.k:
    com.smaxe.uv.client.a.e a -> a