Renmaitong/proguard/usage.txt
com.zlq.renmaitong.AddContact:
    private android.widget.EditText addcompanyCustomType
com.zlq.renmaitong.AudioActivity:
    private static final int TAG_START
    private static final int TAG_STOP
com.zlq.renmaitong.BuildConfig
com.zlq.renmaitong.CrashHandler
com.zlq.renmaitong.CrashHandler$1
com.zlq.renmaitong.CustomDialog
com.zlq.renmaitong.FileUploadService
com.zlq.renmaitong.InformationReport:
    747:802:private void getGps2()
    1609:1621:void upGps()
    745:745:static synthetic void access$35(com.zlq.renmaitong.InformationReport)
com.zlq.renmaitong.InformationReport$24
com.zlq.renmaitong.MainActivity:
    public static final int MB_2_BYTE
    public static final int KB_2_BYTE
    663:666:void showDialog()
com.zlq.renmaitong.R
com.zlq.renmaitong.R$anim
com.zlq.renmaitong.R$array
com.zlq.renmaitong.R$attr
com.zlq.renmaitong.R$bool
com.zlq.renmaitong.R$color
com.zlq.renmaitong.R$dimen
com.zlq.renmaitong.R$drawable
com.zlq.renmaitong.R$id
com.zlq.renmaitong.R$integer
com.zlq.renmaitong.R$layout
com.zlq.renmaitong.R$string
com.zlq.renmaitong.R$style
com.zlq.renmaitong.RecorderActivity:
    java.util.Timer mTimer
    android.widget.ListView mListView1
com.zlq.renmaitong.SubMitLocation:
    440:440:private void exists()
com.zlq.renmaitong.Test2:
    58:60:private void takePicture()
com.zlq.renmaitong.Test3:
    public static final int MAX_WIDTH
    public static final int MAX_HEIGHT
com.zlq.renmaitong.Test4:
    private static final int RESULT_CAPTURE_IMAGE
    private static final int REQUEST_CODE_TAKE_VIDEO
    private static final int RESULT_CAPTURE_RECORDER_SOUND
    138:139:private void showToast(java.lang.String,int)
com.zlq.renmaitong.Test5:
    private android.widget.TabHost tabhost
...
com.smaxe.uv.amf.support.g
com.smaxe.uv.amf3.Array
com.smaxe.uv.amf3.ArrayCollection
com.smaxe.uv.amf3.ObjectProxy
com.smaxe.uv.amf3.a
com.smaxe.uv.amf3.b
com.smaxe.uv.amf3.c
com.smaxe.uv.amf3.d
com.smaxe.uv.amf3.e
com.smaxe.uv.amf3.f
com.smaxe.uv.annotation.PrivateMethod
com.smaxe.uv.annotation.PublicMethod
com.smaxe.uv.client.ByteArrayUtils
com.smaxe.uv.client.ICamera$IListener:
    public abstract void onFlvData(com.smaxe.uv.stream.MediaData)
com.smaxe.uv.client.ICamera$ListenerAdapter:
    public void onFlvData(com.smaxe.uv.stream.MediaData)
com.smaxe.uv.client.IMicrophone$IListener:
    public abstract void onAudioData(com.smaxe.uv.stream.MediaData)
com.smaxe.uv.client.IMicrophone$ListenerAdapter:
    public void onAudioData(com.smaxe.uv.stream.MediaData)
com.smaxe.uv.client.INetConnection:
    public static final java.lang.String PROXY_TYPE_NONE
    public static final java.lang.String PROXY_TYPE_HTTP
    public static final java.lang.String PROXY_TYPE_CONNECT
    public static final java.lang.String PROXY_TYPE_BEST
    public static final java.lang.String CALL_FAILED
    public static final java.lang.String CALL_BADVERSION
    public static final java.lang.String CONNECT_APPSHUTDOWN
    public static final java.lang.String CONNECT_CLOSED
    public static final java.lang.String CONNECT_FAILED
    public static final java.lang.String CONNECT_REJECTED
    public static final java.lang.String CONNECT_SUCCESS
    public static final java.lang.String CONNECT_INVALID_APPLICATION
    public static final java.lang.String CONNECT_BANDWIDTH
    public abstract void client(java.lang.Object)
    public abstract java.lang.Object client()
    public abstract boolean connected()
    public abstract java.lang.String connectedProxyType()
    public abstract void objectEncoding(com.smaxe.uv.ObjectEncoding)
    public abstract java.lang.String proxyType()
    public abstract void proxyType(java.lang.String)
    public abstract java.lang.String uri()
    public abstract boolean usingTLS()
    public abstract void addHeader(java.lang.String,boolean,java.lang.Object)
    public varargs abstract void call(java.lang.String,com.smaxe.uv.Responder,java.lang.Object[])
com.smaxe.uv.client.INetConnection$Configuration
com.smaxe.uv.client.INetConnection$IListener:
    public abstract void onAsyncError(com.smaxe.uv.client.INetConnection,java.lang.String,java.lang.Exception)
    public abstract void onSecurityError(com.smaxe.uv.client.INetConnection,java.lang.String)
com.smaxe.uv.client.INetConnection$ListenerAdapter:
    public void onAsyncError(com.smaxe.uv.client.INetConnection,java.lang.String,java.lang.Exception)
    public void onSecurityError(com.smaxe.uv.client.INetConnection,java.lang.String)